<?xml version="1.0" encoding="UTF-8"?>
<!-- Generated by org.testng.reporters.JUnitXMLReporter -->
<testsuite ignored="6" hostname="LAPTOP-PESQSHPG" failures="0" tests="10" name="Test-chrome" time="86.792" errors="0" timestamp="2025-06-11T23:25:33 IST">
  <testcase classname="VtigerAllModule_Script.CreateContact_Test" name="contactWithSupportDate_Test" time="4.095"/>
  <testcase classname="VtigerAllModule_Script.CreateContact_Test" name="createContact_Test" time="4.558"/>
  <testcase classname="VtigerAllModule_Script.CreateContact_Test" name="selectOrgInContact_Test" time="7.076"/>
  <testcase classname="VtigerAllModule_Script.CreateOrganization_Test" name="orgWithNumber_Test" time="4.31"/>
  <testcase classname="VtigerAllModule_Script.CreateOrganization_Test" name="orgWith_IndustryAdType_Test" time="4.244"/>
  <testcase classname="VtigerAllModule_Script.CreateOrganization_Test" name="orgainzation_Test" time="4.669"/>
  <testcase classname="VtigerAllModule_Script.CreateProduct_Test" name="createProductWithSalesStartDate_Test" time="5.68"/>
  <testcase classname="VtigerAllModule_Script.CreateProduct_Test" name="createProduct_Test" time="4.58"/>
  <testcase classname="VtigerAllModule_Script.CreateOpportunities_Test" name="createOpportunitiesWithContact_Test" time="8.262"/>
  <testcase classname="VtigerAllModule_Script.CreateOpportunities_Test" name="createOpportunitiesWithOrgName_Test" time="9.136"/>
  <testcase classname="com.tekPyramid.crm.BaseClassTest.BaseClass" name="@AfterSuite CloseDBConnConfigAS" time="0.0">
    <ignored/>
  </testcase> <!-- @AfterSuite CloseDBConnConfigAS -->
  <testcase classname="com.tekPyramid.crm.BaseClassTest.BaseClass" name="@AfterSuite CloseDBConnConfigAS" time="0.0">
    <ignored/>
  </testcase> <!-- @AfterSuite CloseDBConnConfigAS -->
  <testcase classname="com.tekPyramid.crm.BaseClassTest.BaseClass" name="@AfterSuite CloseDBConnConfigAS" time="0.0">
    <ignored/>
  </testcase> <!-- @AfterSuite CloseDBConnConfigAS -->
  <testcase classname="com.tekPyramid.crm.BaseClassTest.BaseClass" name="@BeforeSuite DataBaseConnconfigBS" time="0.0">
    <ignored/>
  </testcase> <!-- @BeforeSuite DataBaseConnconfigBS -->
  <testcase classname="com.tekPyramid.crm.BaseClassTest.BaseClass" name="@BeforeSuite DataBaseConnconfigBS" time="0.0">
    <ignored/>
  </testcase> <!-- @BeforeSuite DataBaseConnconfigBS -->
  <testcase classname="com.tekPyramid.crm.BaseClassTest.BaseClass" name="@BeforeSuite DataBaseConnconfigBS" time="0.0">
    <ignored/>
  </testcase> <!-- @BeforeSuite DataBaseConnconfigBS -->
</testsuite> <!-- Test-chrome -->
