<?xml version="1.0" encoding="UTF-8"?>
<!-- Generated by org.testng.reporters.JUnitReportReporter -->
<testsuite hostname="LAPTOP-PESQSHPG" failures="0" tests="2" name="VtigerAllModule_Script.CreateProduct_Test" time="13.892" errors="0" timestamp="2025-06-13T16:15:32 IST" skipped="0">
  <testcase classname="VtigerAllModule_Script.CreateProduct_Test" name="createProduct_Test" time="6.589"/>
  <system-out/>
  <testcase classname="VtigerAllModule_Script.CreateProduct_Test" name="createProductWithSalesStartDate_Test" time="7.303"/>
  <system-out/>
</testsuite> <!-- VtigerAllModule_Script.CreateProduct_Test -->
