<?xml version="1.0" encoding="UTF-8"?>
<!-- Generated by org.testng.reporters.JUnitReportReporter -->
<testsuite hostname="LAPTOP-PESQSHPG" failures="0" tests="3" name="VtigerAllModule_Script.CreateContact_Test" time="26.347" errors="0" timestamp="2025-06-13T15:57:38 IST" skipped="0">
  <testcase classname="VtigerAllModule_Script.CreateContact_Test" name="createContact_Test" time="6.443"/>
  <system-out/>
  <testcase classname="VtigerAllModule_Script.CreateContact_Test" name="contactWithSupportDate_Test" time="7.408"/>
  <system-out/>
  <testcase classname="VtigerAllModule_Script.CreateContact_Test" name="selectOrgInContact_Test" time="12.496"/>
  <system-out/>
</testsuite> <!-- VtigerAllModule_Script.CreateContact_Test -->
