<?xml version="1.0" encoding="UTF-8"?>
<!-- Generated by org.testng.reporters.JUnitReportReporter -->
<testsuite hostname="LAPTOP-PESQSHPG" failures="0" tests="1" name="OpportunitiesTest.CreateOpportunitiesWithOrgName" time="17.352" errors="0" timestamp="2025-05-30T12:33:59 IST" skipped="0">
  <testcase classname="OpportunitiesTest.CreateOpportunitiesWithOrgName" name="createOpportunitiesWithOrgName" time="17.352"/>
  <system-out/>
</testsuite> <!-- OpportunitiesTest.CreateOpportunitiesWithOrgName -->
