<?xml version="1.0" encoding="UTF-8"?>
<!-- Generated by org.testng.reporters.JUnitReportReporter -->
<testsuite hostname="LAPTOP-PESQSHPG" failures="0" tests="4" name="VtigerAllModule_Script.LearnDataProvider" time="0.010" errors="0" timestamp="2025-06-11T23:04:53 IST" skipped="0">
  <testcase classname="VtigerAllModule_Script.LearnDataProvider" name="TakingData" time="0.008"/>
  <system-out/>
  <testcase classname="VtigerAllModule_Script.LearnDataProvider" name="TakingData" time="0.002"/>
  <system-out/>
  <testcase classname="VtigerAllModule_Script.LearnDataProvider" name="TakingData" time="0.000"/>
  <system-out/>
  <testcase classname="VtigerAllModule_Script.LearnDataProvider" name="TakingData" time="0.000"/>
  <system-out/>
</testsuite> <!-- VtigerAllModule_Script.LearnDataProvider -->
