<?xml version="1.0" encoding="UTF-8"?>
<!-- Generated by org.testng.reporters.JUnitReportReporter -->
<testsuite hostname="LAPTOP-PESQSHPG" failures="0" tests="2" name="VtigerAllModule_Script.CreateOpportunities_Test" time="23.551" errors="0" timestamp="2025-06-13T16:15:32 IST" skipped="0">
  <testcase classname="VtigerAllModule_Script.CreateOpportunities_Test" name="createOpportunitiesWithOrgName_Test" time="11.573"/>
  <system-out/>
  <testcase classname="VtigerAllModule_Script.CreateOpportunities_Test" name="createOpportunitiesWithContact_Test" time="11.978"/>
  <system-out/>
</testsuite> <!-- VtigerAllModule_Script.CreateOpportunities_Test -->
