<?xml version="1.0" encoding="UTF-8"?>
<!-- Generated by org.testng.reporters.JUnitReportReporter -->
<testsuite hostname="LAPTOP-PESQSHPG" failures="0" tests="3" name="contactTest.CreateContactTest" time="30.775" errors="0" timestamp="2025-05-30T12:24:53 IST" skipped="0">
  <testcase classname="contactTest.CreateContactTest" name="contactWithSupportDate" time="7.991"/>
  <system-out/>
  <testcase classname="contactTest.CreateContactTest" name="createContact" time="6.952"/>
  <system-out/>
  <testcase classname="contactTest.CreateContactTest" name="selectOrgInContact" time="15.832"/>
  <system-out/>
</testsuite> <!-- contactTest.CreateContactTest -->
