<?xml version="1.0" encoding="UTF-8"?>
<!-- Generated by org.testng.reporters.JUnitReportReporter -->
<testsuite hostname="LAPTOP-PESQSHPG" failures="0" tests="3" name="VtigerAllModule_Script.CreateContact_Test" time="26.775" errors="0" timestamp="2025-06-13T16:15:32 IST" skipped="0">
  <testcase classname="VtigerAllModule_Script.CreateContact_Test" name="selectOrgInContact_Test" time="12.031"/>
  <system-out/>
  <testcase classname="VtigerAllModule_Script.CreateContact_Test" name="createContact_Test" time="7.135"/>
  <system-out/>
  <testcase classname="VtigerAllModule_Script.CreateContact_Test" name="contactWithSupportDate_Test" time="7.609"/>
  <system-out/>
</testsuite> <!-- VtigerAllModule_Script.CreateContact_Test -->
