<?xml version="1.0" encoding="UTF-8"?>
<!-- Generated by org.testng.reporters.JUnitReportReporter -->
<testsuite hostname="LAPTOP-PESQSHPG" failures="0" tests="2" name="VtigerAllModule_Script.CreateOpportunities_Test" time="23.898" errors="0" timestamp="2025-06-13T15:57:38 IST" skipped="0">
  <testcase classname="VtigerAllModule_Script.CreateOpportunities_Test" name="createOpportunitiesWithOrgName_Test" time="11.610"/>
  <system-out/>
  <testcase classname="VtigerAllModule_Script.CreateOpportunities_Test" name="createOpportunitiesWithContact_Test" time="12.288"/>
  <system-out/>
</testsuite> <!-- VtigerAllModule_Script.CreateOpportunities_Test -->
