<?xml version="1.0" encoding="UTF-8"?>
<!-- Generated by org.testng.reporters.JUnitReportReporter -->
<testsuite hostname="LAPTOP-PESQSHPG" failures="0" tests="2" name="VtigerAllModule_Script.CreateOpportunities" time="19.941" errors="0" timestamp="2025-06-03T16:10:00 IST" skipped="0">
  <testcase classname="VtigerAllModule_Script.CreateOpportunities" name="createOpportunitiesWithContact" time="10.377"/>
  <system-out/>
  <testcase classname="VtigerAllModule_Script.CreateOpportunities" name="createOpportunitiesWithOrgName" time="9.564"/>
  <system-out/>
</testsuite> <!-- VtigerAllModule_Script.CreateOpportunities -->
