<?xml version="1.0" encoding="UTF-8"?>
<!-- Generated by org.testng.reporters.JUnitReportReporter -->
<testsuite hostname="LAPTOP-PESQSHPG" failures="0" tests="2" name="VtigerAllModule_Script.CreateProductTest" time="14.147" errors="0" timestamp="2025-06-03T16:26:58 IST" skipped="0">
  <testcase classname="VtigerAllModule_Script.CreateProductTest" name="createProductWithSalesStartDate_Test" time="6.844"/>
  <system-out/>
  <testcase classname="VtigerAllModule_Script.CreateProductTest" name="createProduct_Test" time="7.303"/>
  <system-out/>
</testsuite> <!-- VtigerAllModule_Script.CreateProductTest -->
