<?xml version="1.0" encoding="UTF-8"?>
<!-- Generated by org.testng.reporters.JUnitReportReporter -->
<testsuite hostname="LAPTOP-PESQSHPG" failures="0" tests="3" name="VtigerAllModule_Script.CreateContactTest" time="23.022" errors="0" timestamp="2025-06-03T16:10:00 IST" skipped="0">
  <testcase classname="VtigerAllModule_Script.CreateContactTest" name="selectOrgInContact" time="10.709"/>
  <system-out/>
  <testcase classname="VtigerAllModule_Script.CreateContactTest" name="contactWithSupportDate" time="6.501"/>
  <system-out/>
  <testcase classname="VtigerAllModule_Script.CreateContactTest" name="createContact" time="5.812"/>
  <system-out/>
</testsuite> <!-- VtigerAllModule_Script.CreateContactTest -->
