<?xml version="1.0" encoding="UTF-8"?>
<!-- Generated by org.testng.reporters.JUnitReportReporter -->
<testsuite hostname="LAPTOP-PESQSHPG" failures="0" tests="3" name="VtigerAllModule_Script.CreateOrganizationTest" time="19.363" errors="0" timestamp="2025-06-03T16:26:58 IST" skipped="0">
  <testcase classname="VtigerAllModule_Script.CreateOrganizationTest" name="orgWithNumber" time="7.231"/>
  <system-out>
    <![CDATA[  9998887773]]>
  </system-out>
  <testcase classname="VtigerAllModule_Script.CreateOrganizationTest" name="orgWith_IndustryAdType" time="6.294"/>
  <system-out/>
  <testcase classname="VtigerAllModule_Script.CreateOrganizationTest" name="orgainzation" time="5.838"/>
  <system-out/>
</testsuite> <!-- VtigerAllModule_Script.CreateOrganizationTest -->
