<?xml version="1.0" encoding="UTF-8"?>
<!-- Generated by org.testng.reporters.JUnitReportReporter -->
<testsuite hostname="LAPTOP-PESQSHPG" failures="0" tests="2" name="OpportunitiesTest.CreateOpportunitiesWithContact" time="23.094" errors="0" timestamp="2025-05-30T12:35:42 IST" skipped="0">
  <testcase classname="OpportunitiesTest.CreateOpportunitiesWithContact" name="createOpportunitiesWithContact" time="12.464"/>
  <system-out/>
  <testcase classname="OpportunitiesTest.CreateOpportunitiesWithContact" name="createOpportunitiesWithOrgName" time="10.630"/>
  <system-out/>
</testsuite> <!-- OpportunitiesTest.CreateOpportunitiesWithContact -->
