<?xml version="1.0" encoding="UTF-8"?>
<!-- Generated by org.testng.reporters.JUnitReportReporter -->
<testsuite hostname="LAPTOP-PESQSHPG" failures="0" tests="3" name="organizationTest.CreateOrganizationTest" time="19.604" errors="0" timestamp="2025-05-30T12:38:27 IST" skipped="0">
  <testcase classname="organizationTest.CreateOrganizationTest" name="orgWith_IndustryAdType" time="7.205"/>
  <system-out/>
  <testcase classname="organizationTest.CreateOrganizationTest" name="orgWithNumber" time="6.694"/>
  <system-out/>
  <testcase classname="organizationTest.CreateOrganizationTest" name="orgainzation" time="5.705"/>
  <system-out/>
</testsuite> <!-- organizationTest.CreateOrganizationTest -->
