<?xml version="1.0" encoding="UTF-8"?>
<!-- Generated by org.testng.reporters.JUnitReportReporter -->
<testsuite hostname="LAPTOP-PESQSHPG" failures="0" tests="3" name="VtigerAllModule_Script.CreateOrganization_Test" time="22.244" errors="0" timestamp="2025-06-13T16:15:32 IST" skipped="0">
  <testcase classname="VtigerAllModule_Script.CreateOrganization_Test" name="orgainzation_Test" time="6.808"/>
  <system-out/>
  <testcase classname="VtigerAllModule_Script.CreateOrganization_Test" name="orgWithNumber_Test" time="7.761"/>
  <system-out>
    <![CDATA[  9998887773]]>
  </system-out>
  <testcase classname="VtigerAllModule_Script.CreateOrganization_Test" name="orgWith_IndustryAdType_Test" time="7.675"/>
  <system-out/>
</testsuite> <!-- VtigerAllModule_Script.CreateOrganization_Test -->
