<?xml version="1.0" encoding="UTF-8"?>
<!-- Generated by org.testng.reporters.JUnitReportReporter -->
<testsuite hostname="LAPTOP-PESQSHPG" failures="0" tests="1" name="VtigerAllModule_Script.CreateOrganization_Test" time="5.738" errors="0" timestamp="2025-06-14T13:14:06 IST" skipped="0">
  <testcase classname="VtigerAllModule_Script.CreateOrganization_Test" name="orgainzation_Test" time="5.738"/>
  <system-out/>
</testsuite> <!-- VtigerAllModule_Script.CreateOrganization_Test -->
