<?xml version="1.0" encoding="UTF-8"?>
<!-- Generated by org.testng.reporters.JUnitReportReporter -->
<testsuite hostname="LAPTOP-PESQSHPG" failures="0" tests="2" name="ProductsTest.CreateProductTest" time="14.048" errors="0" timestamp="2025-05-30T12:40:06 IST" skipped="0">
  <testcase classname="ProductsTest.CreateProductTest" name="createProductTest" time="7.431"/>
  <system-out/>
  <testcase classname="ProductsTest.CreateProductTest" name="createProductWithSalesStartDate" time="6.617"/>
  <system-out/>
</testsuite> <!-- ProductsTest.CreateProductTest -->
