<?xml version="1.0" encoding="UTF-8"?>
<!-- Generated by org.testng.reporters.JUnitReportReporter -->
<testsuite hostname="LAPTOP-PESQSHPG" failures="0" tests="3" name="VtigerAllModule_Script.CreateOrganization_Test" time="22.803" errors="0" timestamp="2025-06-13T15:57:38 IST" skipped="0">
  <testcase classname="VtigerAllModule_Script.CreateOrganization_Test" name="orgainzation_Test" time="7.233"/>
  <system-out/>
  <testcase classname="VtigerAllModule_Script.CreateOrganization_Test" name="orgWithNumber_Test" time="8.006"/>
  <system-out>
    <![CDATA[  9998887773]]>
  </system-out>
  <testcase classname="VtigerAllModule_Script.CreateOrganization_Test" name="orgWith_IndustryAdType_Test" time="7.564"/>
  <system-out/>
</testsuite> <!-- VtigerAllModule_Script.CreateOrganization_Test -->
